10/15/2019 11:42:11 AM - [INFO] - root :  =============== STARTING LOGGING ===============
10/15/2019 11:42:11 AM - [INFO] - root : Log Level : INFO
10/15/2019 11:42:11 AM - [INFO] - src.pyqt.MainWindow : Initializing HTools - NifBatchTools window
10/15/2019 11:42:11 AM - [INFO] - src.pyqt.NifBatchTools.NifBatchTools : Opening NifBatchTools window
10/15/2019 11:42:11 AM - [INFO] - src.pyqt.NifBatchTools.NifBatchTools : Source folder  : E:/Games/Skyrim Modding/Automaton mods/US 4.0.6 hf 1 (Keyboard)/mods/Outfit/Meshes/BO EC0007
10/15/2019 11:42:11 AM - [INFO] - src.pyqt.NifBatchTools.NifBatchTools : Keywords       : [b'UUNP', b'Hands', b'Feet', b'CL0', b'CL1', b'00BOEC0007ShoesStockings']
10/15/2019 11:42:11 AM - [INFO] - src.pyqt.NifBatchTools.NifBatchTools : Glossiness target : 500.0
10/15/2019 11:42:11 AM - [INFO] - src.pyqt.NifBatchTools.NifBatchTools : Specular Strength target : 5.0
10/15/2019 11:42:21 AM - [INFO] - src.pyqt.NifBatchTools.NifBatchTools : Loading .nif files ...
10/15/2019 11:42:23 AM - [INFO] - src.pyqt.NifBatchTools.NifBatchTools : Scanning directory : E:/Games/Skyrim Modding/Automaton mods/US 4.0.6 hf 1 (Keyboard)/mods/Outfit/Meshes/BO EC0007
10/15/2019 11:42:23 AM - [INFO] - src.pyqt.NifBatchTools.NifBatchTools : Done !
10/15/2019 11:42:25 AM - [INFO] - src.pyqt.NifBatchTools.NifBatchTools : Applying parameters to 4 files ...
10/15/2019 11:42:25 AM - [INFO] - src.pyqt.NifBatchTools.NifBatchTools : [0] working on : E:/Games/Skyrim Modding/Automaton mods/US 4.0.6 hf 1 (Keyboard)/mods/Outfit/Meshes/BO EC0007/BO_EC0007_Armor_1.nif
10/15/2019 11:42:28 AM - [INFO] - src.pyqt.NifBatchTools.NifBatchTools :         Glossiness 500.0 -> 500.0 | Specular Strength 5.0 -> 5.0
10/15/2019 11:42:31 AM - [INFO] - src.pyqt.NifBatchTools.NifBatchTools : [1] working on : E:/Games/Skyrim Modding/Automaton mods/US 4.0.6 hf 1 (Keyboard)/mods/Outfit/Meshes/BO EC0007/BO_EC0007_Shoes_0.nif
10/15/2019 11:42:33 AM - [INFO] - src.pyqt.NifBatchTools.NifBatchTools :         Glossiness 450.0 -> 500.0 | Specular Strength 3.5 -> 5.0
10/15/2019 11:42:34 AM - [INFO] - src.pyqt.NifBatchTools.NifBatchTools : [2] working on : E:/Games/Skyrim Modding/Automaton mods/US 4.0.6 hf 1 (Keyboard)/mods/Outfit/Meshes/BO EC0007/BO_EC0007_Armor_0.nif
10/15/2019 11:42:37 AM - [INFO] - src.pyqt.NifBatchTools.NifBatchTools :         Glossiness 500.0 -> 500.0 | Specular Strength 5.0 -> 5.0
10/15/2019 11:42:40 AM - [INFO] - src.pyqt.NifBatchTools.NifBatchTools : [3] working on : E:/Games/Skyrim Modding/Automaton mods/US 4.0.6 hf 1 (Keyboard)/mods/Outfit/Meshes/BO EC0007/BO_EC0007_Shoes_1.nif
10/15/2019 11:42:41 AM - [INFO] - src.pyqt.NifBatchTools.NifBatchTools :         Glossiness 450.0 -> 500.0 | Specular Strength 3.5 -> 5.0
10/15/2019 11:42:42 AM - [INFO] - src.pyqt.NifBatchTools.NifBatchTools : Done !
10/15/2019 11:43:11 AM - [ERROR] - root : Fatal error :
Traceback (most recent call last):
  File "D:/Workspace/PyQt/HTool_NifBatchTools/src/HTool.py", line 30, in <module>
    sys.exit(app.exec_())
SystemExit: 0
